<?xml version="1.0" encoding="UTF-8"?>
<testng-results skipped="0" failed="0" total="2" passed="2">
  <reporter-output>
  </reporter-output>
  <suite name="Suite" duration-ms="7455" started-at="2021-08-05T07:28:01Z" finished-at="2021-08-05T07:28:09Z">
    <groups>
    </groups>
    <test name="Test" duration-ms="7455" started-at="2021-08-05T07:28:01Z" finished-at="2021-08-05T07:28:09Z">
      <class name="com.POMDemo.LoginPageTest">
        <test-method status="PASS" signature="setUp()[pri:0, instance:com.POMDemo.LoginPageTest@6be46e8f]" name="setUp" is-config="true" duration-ms="15791" started-at="2021-08-05T12:57:45Z" finished-at="2021-08-05T12:58:01Z">
          <reporter-output>
          </reporter-output>
        </test-method> <!-- setUp -->
        <test-method status="PASS" signature="loginTestCase()[pri:0, instance:com.POMDemo.LoginPageTest@6be46e8f]" name="loginTestCase" duration-ms="7020" started-at="2021-08-05T12:58:01Z" finished-at="2021-08-05T12:58:08Z">
          <reporter-output>
          </reporter-output>
        </test-method> <!-- loginTestCase -->
        <test-method status="PASS" signature="registerTest()[pri:0, instance:com.POMDemo.LoginPageTest@6be46e8f]" name="registerTest" duration-ms="352" started-at="2021-08-05T12:58:08Z" finished-at="2021-08-05T12:58:09Z">
          <reporter-output>
          </reporter-output>
        </test-method> <!-- registerTest -->
        <test-method status="PASS" signature="closeloginpage()[pri:0, instance:com.POMDemo.LoginPageTest@6be46e8f]" name="closeloginpage" is-config="true" duration-ms="340" started-at="2021-08-05T12:58:09Z" finished-at="2021-08-05T12:58:09Z">
          <reporter-output>
          </reporter-output>
        </test-method> <!-- closeloginpage -->
      </class> <!-- com.POMDemo.LoginPageTest -->
    </test> <!-- Test -->
  </suite> <!-- Suite -->
</testng-results>
